[debug] [2024-12-02T10:04:46.622Z] ----------------------------------------------------------------------
[debug] [2024-12-02T10:04:46.624Z] Command:       C:\Program Files\nodejs\node.exe C:\Users\workv\AppData\Roaming\npm\node_modules\firebase-tools\lib\bin\firebase.js deploy
[debug] [2024-12-02T10:04:46.624Z] CLI Version:   13.27.0
[debug] [2024-12-02T10:04:46.625Z] Platform:      win32
[debug] [2024-12-02T10:04:46.625Z] Node Version:  v22.11.0
[debug] [2024-12-02T10:04:46.625Z] Time:          Mon Dec 02 2024 19:04:46 GMT+0900 (대한민국 표준시)
[debug] [2024-12-02T10:04:46.625Z] ----------------------------------------------------------------------
[debug] 
[debug] [2024-12-02T10:04:46.669Z] > command requires scopes: ["email","openid","https://www.googleapis.com/auth/cloudplatformprojects.readonly","https://www.googleapis.com/auth/firebase","https://www.googleapis.com/auth/cloud-platform"]
[debug] [2024-12-02T10:04:46.670Z] > authorizing via signed-in user (rlaakfejd2@gmail.com)
[debug] [2024-12-02T10:04:46.670Z] [iam] checking project thekform for permissions ["firebase.projects.get","firebasedatabase.instances.update","firebasehosting.sites.update"]
[debug] [2024-12-02T10:04:46.671Z] Checked if tokens are valid: false, expires at: 1733133200694
[debug] [2024-12-02T10:04:46.671Z] Checked if tokens are valid: false, expires at: 1733133200694
[debug] [2024-12-02T10:04:46.671Z] > refreshing access token with scopes: []
[debug] [2024-12-02T10:04:46.672Z] >>> [apiv2][query] POST https://www.googleapis.com/oauth2/v3/token [none]
[debug] [2024-12-02T10:04:46.672Z] >>> [apiv2][body] POST https://www.googleapis.com/oauth2/v3/token [omitted]
[debug] [2024-12-02T10:04:46.966Z] <<< [apiv2][status] POST https://www.googleapis.com/oauth2/v3/token 200
[debug] [2024-12-02T10:04:46.966Z] <<< [apiv2][body] POST https://www.googleapis.com/oauth2/v3/token [omitted]
[debug] [2024-12-02T10:04:46.970Z] >>> [apiv2][query] POST https://cloudresourcemanager.googleapis.com/v1/projects/thekform:testIamPermissions [none]
[debug] [2024-12-02T10:04:46.970Z] >>> [apiv2][(partial)header] POST https://cloudresourcemanager.googleapis.com/v1/projects/thekform:testIamPermissions x-goog-quota-user=projects/thekform
[debug] [2024-12-02T10:04:46.970Z] >>> [apiv2][body] POST https://cloudresourcemanager.googleapis.com/v1/projects/thekform:testIamPermissions {"permissions":["firebase.projects.get","firebasedatabase.instances.update","firebasehosting.sites.update"]}
[debug] [2024-12-02T10:04:47.717Z] <<< [apiv2][status] POST https://cloudresourcemanager.googleapis.com/v1/projects/thekform:testIamPermissions 200
[debug] [2024-12-02T10:04:47.718Z] <<< [apiv2][body] POST https://cloudresourcemanager.googleapis.com/v1/projects/thekform:testIamPermissions {"permissions":["firebase.projects.get","firebasedatabase.instances.update","firebasehosting.sites.update"]}
[debug] [2024-12-02T10:04:47.718Z] Checked if tokens are valid: true, expires at: 1733137485966
[debug] [2024-12-02T10:04:47.718Z] Checked if tokens are valid: true, expires at: 1733137485966
[debug] [2024-12-02T10:04:47.719Z] >>> [apiv2][query] GET https://firebase.googleapis.com/v1beta1/projects/thekform [none]
[debug] [2024-12-02T10:04:48.189Z] <<< [apiv2][status] GET https://firebase.googleapis.com/v1beta1/projects/thekform 200
[debug] [2024-12-02T10:04:48.190Z] <<< [apiv2][body] GET https://firebase.googleapis.com/v1beta1/projects/thekform {"projectId":"thekform","projectNumber":"108532797742","displayName":"thekform","name":"projects/thekform","resources":{"hostingSite":"thekform","realtimeDatabaseInstance":"thekform-default-rtdb","storageBucket":"thekform.appspot.com","locationId":"asia-northeast3"},"state":"ACTIVE","etag":"1_5f5a3597-2fa9-4187-afa5-373fa94ca3c6"}
[debug] [2024-12-02T10:04:48.191Z] Checked if tokens are valid: true, expires at: 1733137485966
[debug] [2024-12-02T10:04:48.191Z] Checked if tokens are valid: true, expires at: 1733137485966
[debug] [2024-12-02T10:04:48.191Z] >>> [apiv2][query] GET https://firebase.googleapis.com/v1beta1/projects/thekform [none]
[debug] [2024-12-02T10:04:48.487Z] <<< [apiv2][status] GET https://firebase.googleapis.com/v1beta1/projects/thekform 200
[debug] [2024-12-02T10:04:48.487Z] <<< [apiv2][body] GET https://firebase.googleapis.com/v1beta1/projects/thekform {"projectId":"thekform","projectNumber":"108532797742","displayName":"thekform","name":"projects/thekform","resources":{"hostingSite":"thekform","realtimeDatabaseInstance":"thekform-default-rtdb","storageBucket":"thekform.appspot.com","locationId":"asia-northeast3"},"state":"ACTIVE","etag":"1_5f5a3597-2fa9-4187-afa5-373fa94ca3c6"}
[info] 
[info] === Deploying to 'thekform'...
[info] 
[info] i  deploying database, hosting 
[info] i  database: checking rules syntax... 
[debug] [2024-12-02T10:04:48.497Z] Checked if tokens are valid: true, expires at: 1733137485966
[debug] [2024-12-02T10:04:48.497Z] Checked if tokens are valid: true, expires at: 1733137485966
[debug] [2024-12-02T10:04:48.498Z] >>> [apiv2][query] GET https://firebasedatabase.googleapis.com/v1beta/projects/thekform/locations/-/instances/thekform-default-rtdb [none]
[debug] [2024-12-02T10:04:49.676Z] <<< [apiv2][status] GET https://firebasedatabase.googleapis.com/v1beta/projects/thekform/locations/-/instances/thekform-default-rtdb 200
[debug] [2024-12-02T10:04:49.676Z] <<< [apiv2][body] GET https://firebasedatabase.googleapis.com/v1beta/projects/thekform/locations/-/instances/thekform-default-rtdb {"name":"projects/108532797742/locations/asia-southeast1/instances/thekform-default-rtdb","project":"projects/108532797742","databaseUrl":"https://thekform-default-rtdb.asia-southeast1.firebasedatabase.app","type":"DEFAULT_DATABASE","state":"ACTIVE"}
[debug] [2024-12-02T10:04:49.677Z] Checked if tokens are valid: true, expires at: 1733137485966
[debug] [2024-12-02T10:04:49.677Z] Checked if tokens are valid: true, expires at: 1733137485966
[debug] [2024-12-02T10:04:49.677Z] >>> [apiv2][query] PUT https://thekform-default-rtdb.asia-southeast1.firebasedatabase.app/.settings/rules.json dryRun=true
[debug] [2024-12-02T10:04:49.677Z] >>> [apiv2][body] PUT https://thekform-default-rtdb.asia-southeast1.firebasedatabase.app/.settings/rules.json "{\r\n  /* Visit https://firebase.google.com/docs/database/security to learn more about security rules. */\r\n  \"rules\": {\r\n    \".read\": false,\r\n    \".write\": false\r\n  }\r\n}"
[debug] [2024-12-02T10:04:50.007Z] <<< [apiv2][status] PUT https://thekform-default-rtdb.asia-southeast1.firebasedatabase.app/.settings/rules.json 200
[debug] [2024-12-02T10:04:50.007Z] <<< [apiv2][body] PUT https://thekform-default-rtdb.asia-southeast1.firebasedatabase.app/.settings/rules.json {"status":"ok"}
[info] +  database: rules syntax for database thekform-default-rtdb is valid 
[debug] [2024-12-02T10:04:50.014Z] Checked if tokens are valid: true, expires at: 1733137485966
[debug] [2024-12-02T10:04:50.015Z] Checked if tokens are valid: true, expires at: 1733137485966
[debug] [2024-12-02T10:04:50.015Z] >>> [apiv2][query] POST https://firebasehosting.googleapis.com/v1beta1/projects/-/sites/thekform/versions [none]
[debug] [2024-12-02T10:04:50.015Z] >>> [apiv2][body] POST https://firebasehosting.googleapis.com/v1beta1/projects/-/sites/thekform/versions {"status":"CREATED","labels":{"deployment-tool":"cli-firebase"}}
[debug] [2024-12-02T10:04:51.818Z] <<< [apiv2][status] POST https://firebasehosting.googleapis.com/v1beta1/projects/-/sites/thekform/versions 200
[debug] [2024-12-02T10:04:51.818Z] <<< [apiv2][body] POST https://firebasehosting.googleapis.com/v1beta1/projects/-/sites/thekform/versions {"name":"projects/108532797742/sites/thekform/versions/5784c47e9a56bcec","status":"CREATED","config":{},"labels":{"deployment-tool":"cli-firebase"}}
[info] i  hosting[thekform]: beginning deploy... 
[info] i  hosting[thekform]: found 88 files in build 
[debug] [2024-12-02T10:04:51.838Z] [hosting] uploading with 200 concurrency
[debug] [2024-12-02T10:04:51.973Z] Checked if tokens are valid: true, expires at: 1733137485966
[debug] [2024-12-02T10:04:51.973Z] Checked if tokens are valid: true, expires at: 1733137485966
[debug] [2024-12-02T10:04:51.974Z] [hosting] hash cache [YnVpbGQ] stored for 88 files
[debug] [2024-12-02T10:04:51.974Z] [hosting][hash queue][FINAL] {"max":119,"min":16,"avg":37.44318181818182,"active":0,"complete":88,"success":88,"errored":0,"retried":0,"total":88,"elapsed":134}
[debug] [2024-12-02T10:04:51.974Z] >>> [apiv2][query] POST https://firebasehosting.googleapis.com/v1beta1/projects/108532797742/sites/thekform/versions/5784c47e9a56bcec:populateFiles [none]
[debug] [2024-12-02T10:04:51.974Z] >>> [apiv2][body] POST https://firebasehosting.googleapis.com/v1beta1/projects/108532797742/sites/thekform/versions/5784c47e9a56bcec:populateFiles {"files":{"/robots.txt":"9186f19c834e3482653961068c378b8355e45cec27b36328ed777b50eac6d5fe","/manifest.json":"4368aeaf848ae2e048765562c289452f33ad2a175c4b1951ea8bdf2ada0d5b10","/index.html":"080ccd9ea95eb31891b94b8fe871a77f96eea61315fa74bd24ab789645ddcd8b","/asset-manifest.json":"ad16382b6f1d21d9546601bc72ccd3c751a72296e7dfc5fb2f9d8c2ce2044283","/favicon.ico":"2f70c5da5abf1c34dd69c9563381e4fe718a437392c5c08b48091d1f3e75d290","/static/media/slick.c94f7671.ttf":"2a69fb5b4ff00530e26e5560f694292a430b43ce5487c120a3feceec7c92d3cc","/static/media/slick.a4e97f5a.eot":"ed67f7884c468f957a4ec1010741b07addd932d8c47a83b0a720a799ead75dbb","/logo512.png":"d6384f0a4a82f28eea5e099e9dff2c3f1156073b29e1e45733eee1f0c3edca0e","/static/media/slick.29518378.woff":"7feb12b85f7c511f941d9d2f657d107daec1e37b452a23d355ec3e72fa884ee3","/static/media/slick.7ba97953.svg":"a620cd020e2586203505209ed296c71904e20005c34498a5f9ae126e6b3a9fe5","/database.rules.json":"0c425a085ef997653c1a9fbabcbb055d9d6a3dedc4dbb94f4286318114d07baf","/static/js/2.9875241c.chunk.js.LICENSE.txt":"068f1e171a84c259c1f96036f67125d16ff4d623e02e9ff1ff8e72f8093c3fba","/static/js/runtime-main.78e9f154.js":"75ad39bd15bd655a5422a34840ebf800db9dee9e95164743aeceac1b903334fb","/static/js/3.887f8a57.chunk.js":"560676f5ec078aa0da393fba353566b94b83e688e652ef49a471528c36174074","/static/js/runtime-main.78e9f154.js.map":"7e1489238daa7d92ce904a938705b9e0637532277eb8e317d4abc6d311aedb63","/logo192.png":"2671352673648da0479671f220dfc2f30a6783d0b3f1e30a1420daad88c3bf64","/favicon.png":"4b49a7cb580fb16534792d286e646ba8d4e64eee5e0fb1b4750a3fcea5a05ea3","/static/js/3.887f8a57.chunk.js.map":"41e6df3c9f0f6c7a13133579b1c9da13caaee9f5f285080c8e974bbc9dc6bf90","/public/index.html":"97eee3a6a3ce03ea7fb0f226a3ad34b131351b2acb10e7bc11e41a9536079dff","/images/visadata_backup_2022.2.9/비자 내용 예시.hwp":"aefea973a5b12895283dc30f031720629294864a89794c4a3a2fd3007e594f4e","/images/visadata_backup_2022.2.9/6.투자/6.공익사업 투자, 은퇴비자.hwp":"a614656c018e39c534af51e9313f8c321728243a81a0e01fa4e89604cacb8374","/images/visadata_backup_2022.2.9/6.투자/5.D-8 고액 기업 투자자 (영주권).hwp":"6c45ca98b189c6c54c75706ca8505c58d2cabd5e9c0014fb56bd85d14acb89a6","/images/visadata_backup_2022.2.9/6.투자/4.D-8-4 투자비자 (기술창업).hwp":"61acf7299e4baeb20ea15ae4bc40b31c7238735cc75b8863781589c7080a3f9f","/images/visadata_backup_2022.2.9/5.재외동포/2.재외동포의 영주권 신청.hwp":"c375ce4882ce889b12e461c0593c089f8e702b3bbb1766478412db5dd1e90829","/images/visadata_backup_2022.2.9/6.투자/3.D-8-3 투자비자 (한국회사에 투자).hwp":"4d37411d9c74bfc15787d50dfc3628fa2954600c19b4625b0b7274e997f891e0","/images/visadata_backup_2022.2.9/6.투자/2.D-8-2 투자비자 (벤처기업).hwp":"e2076513f5bc6f5e61f97c3c93b2b97c0f102d6fb5781fdbf277796646097881","/images/visadata_backup_2022.2.9/6.투자/1.D-8 외국인의 법인설립.hwp":"b83c1ecf2a3a63ca374713863d77dcfdbb56fb795c383bb663478ecb0d57e1a7","/images/visadata_backup_2022.2.9/5.재외동포/4.국적회복 (이중국적).hwp":"ea650676fc633841c0133b73c0195d3ba6e4c81a66f0dfbaf4f561c126ac9a5d","/images/visadata_backup_2022.2.9/5.재외동포/3.국정상실 신고.hwp":"b25267dcdad80a7d5bc6b9865195e6559ec6c7f63a063e78404fdf024ad26047","/images/visadata_backup_2022.2.9/4.결혼,이혼/2.F-6 이혼 후 비자연장.hwp":"a26da2406a5a598c137528c559477735a102e2b666a3abbfc91e4c2e593d7a17","/images/visadata_backup_2022.2.9/2.거주/9.F-2-99 장기체류가 거주비자.hwp":"432980b7218e1a4c08abef68148c29b13fa538a6d50ae91968cea4634b641c55","/images/visadata_backup_2022.2.9/4.결혼,이혼/1.F-6 결혼 비자.hwp":"117634c28e9fbc7303683c89662ba0f7a5f9e3fdc7c6e3501887143dbeae8e76","/images/visadata_backup_2022.2.9/3.초대/1. F-3 동반 가족초청.hwp":"9867618184d7cdf3108f179579de6a8159884ea61578e09cb49a7c0e0da91a08","/images/visadata_backup_2022.2.9/3.초대/2. F-1 방문동거 가족초청.hwp":"001ff5695e7afc89752aa22728878d0e81f935205ac6c1f78c165ec413a256c8","/images/visadata_backup_2022.2.9/2.거주/4.영주권자 국적신청.hwp":"b0d89e5eff6b56bb5c41e94a524eb813df07c6bb9f8a9ec95b8e59b1f865b09f","/images/visadata_backup_2022.2.9/2.거주/7.국적 취득 순서.hwp":"cfc688377a388f3b97b021e9e80959772b8610b68b69fd38fad25c4a8bbc5b36","/images/visadata_backup_2022.2.9/2.거주/5.간이귀화 (한국인 부모).hwp":"a75f792e620407db8b041034baed18505adf6a8b33173adbe46bae67e9de59f6","/images/visadata_backup_2022.2.9/2.거주/6.특별귀화(국적 회복자의 자녀).hwp":"e30bbc356c52740634562cdae66315acb1af3db153d066c2a536e556ad69d54f","/static/css/2.b9bc2712.chunk.css":"54cedbadaa8ec441dc84000228154aa70c54790fcd2b863b89ac5669742919e1","/images/visadata_backup_2022.2.9/5.재외동포/1.거소등록증 신청.hwp":"a081659e1a16043b71f52dd6b4b7379775120e3ef8ba32ce40e436db3327c374","/images/visadata_backup_2022.2.9/4.결혼,이혼/3.F-6 비자연장을 위한 이혼절차.hwp":"4afea915454cd0d3ba7d538045ad868c46b5683fff57745d3a5f96dc1222b6e5","/images/visadata_backup_2022.2.9/6.투자/7.부동산 투자비자.hwp":"c153d5ad94fee91579e02961e5803021bf37f0a8af1a4f549c138efbe562aea0","/images/visadata_backup_2022.2.9/2.거주/8.F-2-7 점수제 거주비자.hwp":"bf35c331b7135c0caa29bd4be2e96093e59d03ba28ef94dcd9736d987f79c38d","/images/ogimg/ogimage.png":"812dfe873784a02c835d709a06752599817fd7f0317443a06d0732b829dfe172","/static/css/2.b9bc2712.chunk.css.map":"c7f9c480b51c40dcfc8a68ae7e593cf5e95a0360e0ccad6d9f94c31224ed59b4","/images/visadata_backup_2022.2.9/2.거주/3.이혼 후 국적신청.hwp":"d48ceb6ce5409166fbc806f1f478dae29bd7392b41c8f4dab9f89a0a91021fe6","/images/visadata_backup_2022.2.9/2.거주/2.결혼 이민자 국적신청.hwp":"27772979af49e5ff4648d9a12107c26c241ebd389b285560f59f15936a580d38","/images/visadata_backup_2022.2.9/2.거주/1.F-5 영주권.hwp":"aa104d88864d207e8a4d5a0e9913a047a180de462ae27b1e4944e61514cbf4eb","/images/visadata_backup_2022.2.9/1.취업/8.E-6 e,스포츠 예술방송 분야.hwp":"54f26d3c5e6ec057780eb863ea8f8534fddcea5cb821e85c49fb19f17a592a0b","/images/visadata_backup_2022.2.9/1.취업/7.원어민 강사.hwp":"badc74b7a48e5fcd7872c2b3e9f714bad46e67dd9183b31bd819489a8f3a2635","/images/visadata_backup_2022.2.9/1.취업/6.D-10 구직비자 인턴취업.hwp":"1ba1142c899d57d28f5f7999cc86e2c5062373a946df727beab514e42ad538b8","/images/visadata_backup_2022.2.9/1.취업/4.D-6 종교 비자.hwp":"f1405501c0b21e93c55969674d7780a6dfa9bd51fa510f435a292382a751e17e","/images/visadata_backup_2022.2.9/1.취업/5.D-7 주재원 비자.hwp":"b63ad39d492ce4942615c9c3c5de7a0e3ad779e8153de1b32baa0602dd4b7a28","/images/visadata_backup_2022.2.9/1.취업/3.C-4 단기 취업,파견,출장.hwp":"d298ab521e7e56b9ee4a71e32005bcd6430af78e360b8026187ed33571eff158","/images/visadata_backup_2022.2.9/1.취업/2.C-3-4 단기 출장 상용.hwp":"5e30b815d9c80aa7aa1e6a2267b3a7fbefc4d46aee85ee4ec99a72d245e678d4","/images/visadata_backup_2022.2.9/1.취업/1.E-7 준전문인력 채용.hwp":"71c630ea85842fdb62aef2b0d6629acfe9f03b9e3562b67ffdcd93423d4ee873","/images/logo/logo.png":"1dd0ba840d0b63e5ed8c7679a3202a24ee0b0cf55bc057758671203542b9330b","/images/logo/sflogo-dark.png":"1dd0ba840d0b63e5ed8c7679a3202a24ee0b0cf55bc057758671203542b9330b","/images/logo/logo-dark.png":"1dd0ba840d0b63e5ed8c7679a3202a24ee0b0cf55bc057758671203542b9330b","/images/logo/logo-colorfull.png":"1dd0ba840d0b63e5ed8c7679a3202a24ee0b0cf55bc057758671203542b9330b","/images/logo/logo-colorfull-2x.png":"d749e2e74eb5f1c8c2946ad6535456ca1e6517e6ab1fbe9574b3c781a5fab083","/images/logo/logo-2x.png":"d749e2e74eb5f1c8c2946ad6535456ca1e6517e6ab1fbe9574b3c781a5fab083","/images/logo/favicon.png":"4b49a7cb580fb16534792d286e646ba8d4e64eee5e0fb1b4750a3fcea5a05ea3","/images/icons/sun-01.svg":"f74ccfa610d86f3d432342ec074daf801a02c1c3562a65ab40b91657c03c548b","/images/icons/vector.svg":"92dd36cb1ace009a139b2740a3eeaa6a716feca96571ecf6238ee6ea49a05f34","/images/banner/white-shape.svg":"efbadbb72d7d4e6f93a851f6403654b5e41a3c91fd10012d186af282f59e0c50","/images/bg/top-banner.png":"eca5339d1c462b047f949524a0b95c8b2e1113aa3a807019fb35dd944650bac9","/images/banner/banenr-image-02.png":"05a08c360f24de9e0d572607810873583c2c09c543896bf553972c9b098cf96a","/build/index.html":"81495a1168e2aabc1b141af92c258ded1e9dffb1b60b6742dfe05cd45fc11e0c","/static/css/main.8221671d.chunk.css":"ee53e02d6dc1dd829988563b855d47db9847efcc124023a6eaa93162b47e5c4f","/images/blog/blog-04.jpg":"847dc37a495438e27cc3ad79d2bee25afda0f1f8e3554cdb56e2553ad370c9ab","/images/blog/blog-03.jpg":"53228f4c0a88e05d2cf01b566ffb5be2024c31336b111a2d3a96e10465cc05a7","/images/tab/tabs-01.jpg":"7c2a67cd2883154345c3590b824356121ae32dd6b74a9c29a15c0db617bf0c82","/static/js/2.9875241c.chunk.js":"925894d1949d2b7bbc0d33363d898551b916fd9aa4ba1455c0edf48235077144","/images/portfolio/portfolio-08.jpg":"3a191c9eba01237e4433b0d55ac8191187b3c42c1b23e17e915aa869009cdd86","/static/js/main.ba3ea63b.chunk.js":"735c5c6b42c778cad49b5c80843b0501679bd7ea5dcaf1b7220bd931d277e482","/images/tab/tabs-02.jpg":"e319d3209cbe7f661378e2e3caa5fd5675c3bc2754269e0b66075a3a7c362dc2","/static/js/main.ba3ea63b.chunk.js.map":"6c46e8f9f8d49a97f7cf53568a189d543cd2ad544f29326370bb680fb4dcf112","/images/portfolio/portfolio-06.jpg":"455afe3a0945befd19aec71701e576b026a3f4dc504f9ebece824ae14813d9f2","/images/portfolio/portfolio-05.jpg":"4a12c9e38e8d3e5e3ec61debba4986900c632b44c155fe3483a25be99ca8f61c","/images/portfolio/portfolio-07.jpg":"9a5f3262e0fbfc14562377eb96b5c1e802569c1a620affd3afcb75d7a32115ef","/images/about/about-1.png":"78952a87a0ee91167dab184b510512d96514235047ec665d4bcd3489c43f5442","/static/css/main.8221671d.chunk.css.map":"a89df02bf954ad1e7c25e512c0b304597526407bdbb23c9bcfbecbc50346c70f","/images/timeline/timeline-02.jpg":"dbd4fbcd7d522a951aff43c706daa7daab64cce6083d486c251ce8942a6a33db","/images/timeline/timeline-01.jpg":"95154b3b9572711d01b932f1256e22b5de37c22351c03ff7030cf1a9ec143966","/images/about/about-2.png":"122e9497fd8b03fd7c61522cf18b7821876d39f831b7149e3c86785345fd5556","/static/js/2.9875241c.chunk.js.map":"e57ab743ccee9201854ff118031de89bc26722f5e0a550a06268e058eea6e369","/images/bg/main_bg.png":"3d2175c9765b483e1f5f41a7e9f835fd4471faae81818cb507db298f9f36e751"}}
[debug] [2024-12-02T10:04:52.469Z] <<< [apiv2][status] POST https://firebasehosting.googleapis.com/v1beta1/projects/108532797742/sites/thekform/versions/5784c47e9a56bcec:populateFiles 200
[debug] [2024-12-02T10:04:52.469Z] <<< [apiv2][body] POST https://firebasehosting.googleapis.com/v1beta1/projects/108532797742/sites/thekform/versions/5784c47e9a56bcec:populateFiles {"uploadRequiredHashes":["6c46e8f9f8d49a97f7cf53568a189d543cd2ad544f29326370bb680fb4dcf112","735c5c6b42c778cad49b5c80843b0501679bd7ea5dcaf1b7220bd931d277e482","080ccd9ea95eb31891b94b8fe871a77f96eea61315fa74bd24ab789645ddcd8b","e57ab743ccee9201854ff118031de89bc26722f5e0a550a06268e058eea6e369","ad16382b6f1d21d9546601bc72ccd3c751a72296e7dfc5fb2f9d8c2ce2044283","925894d1949d2b7bbc0d33363d898551b916fd9aa4ba1455c0edf48235077144"],"uploadUrl":"https://upload-firebasehosting.googleapis.com/upload/sites/thekform/versions/5784c47e9a56bcec/files"}
[debug] [2024-12-02T10:04:52.470Z] Checked if tokens are valid: true, expires at: 1733137485966
[debug] [2024-12-02T10:04:52.470Z] Checked if tokens are valid: true, expires at: 1733137485966
[debug] [2024-12-02T10:04:52.470Z] Checked if tokens are valid: true, expires at: 1733137485966
[debug] [2024-12-02T10:04:52.470Z] Checked if tokens are valid: true, expires at: 1733137485966
[debug] [2024-12-02T10:04:52.470Z] Checked if tokens are valid: true, expires at: 1733137485966
[debug] [2024-12-02T10:04:52.470Z] Checked if tokens are valid: true, expires at: 1733137485966
[debug] [2024-12-02T10:04:52.470Z] Checked if tokens are valid: true, expires at: 1733137485966
[debug] [2024-12-02T10:04:52.470Z] Checked if tokens are valid: true, expires at: 1733137485966
[debug] [2024-12-02T10:04:52.471Z] Checked if tokens are valid: true, expires at: 1733137485966
[debug] [2024-12-02T10:04:52.471Z] Checked if tokens are valid: true, expires at: 1733137485966
[debug] [2024-12-02T10:04:52.471Z] Checked if tokens are valid: true, expires at: 1733137485966
[debug] [2024-12-02T10:04:52.471Z] Checked if tokens are valid: true, expires at: 1733137485966
[debug] [2024-12-02T10:04:52.471Z] >>> [apiv2][query] POST https://upload-firebasehosting.googleapis.com/upload/sites/thekform/versions/5784c47e9a56bcec/files/6c46e8f9f8d49a97f7cf53568a189d543cd2ad544f29326370bb680fb4dcf112 [none]
[debug] [2024-12-02T10:04:52.471Z] >>> [apiv2][body] POST https://upload-firebasehosting.googleapis.com/upload/sites/thekform/versions/5784c47e9a56bcec/files/6c46e8f9f8d49a97f7cf53568a189d543cd2ad544f29326370bb680fb4dcf112 [stream]
[debug] [2024-12-02T10:04:52.472Z] >>> [apiv2][query] POST https://upload-firebasehosting.googleapis.com/upload/sites/thekform/versions/5784c47e9a56bcec/files/735c5c6b42c778cad49b5c80843b0501679bd7ea5dcaf1b7220bd931d277e482 [none]
[debug] [2024-12-02T10:04:52.472Z] >>> [apiv2][body] POST https://upload-firebasehosting.googleapis.com/upload/sites/thekform/versions/5784c47e9a56bcec/files/735c5c6b42c778cad49b5c80843b0501679bd7ea5dcaf1b7220bd931d277e482 [stream]
[debug] [2024-12-02T10:04:52.473Z] >>> [apiv2][query] POST https://upload-firebasehosting.googleapis.com/upload/sites/thekform/versions/5784c47e9a56bcec/files/080ccd9ea95eb31891b94b8fe871a77f96eea61315fa74bd24ab789645ddcd8b [none]
[debug] [2024-12-02T10:04:52.473Z] >>> [apiv2][body] POST https://upload-firebasehosting.googleapis.com/upload/sites/thekform/versions/5784c47e9a56bcec/files/080ccd9ea95eb31891b94b8fe871a77f96eea61315fa74bd24ab789645ddcd8b [stream]
[debug] [2024-12-02T10:04:52.473Z] >>> [apiv2][query] POST https://upload-firebasehosting.googleapis.com/upload/sites/thekform/versions/5784c47e9a56bcec/files/e57ab743ccee9201854ff118031de89bc26722f5e0a550a06268e058eea6e369 [none]
[debug] [2024-12-02T10:04:52.473Z] >>> [apiv2][body] POST https://upload-firebasehosting.googleapis.com/upload/sites/thekform/versions/5784c47e9a56bcec/files/e57ab743ccee9201854ff118031de89bc26722f5e0a550a06268e058eea6e369 [stream]
[debug] [2024-12-02T10:04:52.474Z] >>> [apiv2][query] POST https://upload-firebasehosting.googleapis.com/upload/sites/thekform/versions/5784c47e9a56bcec/files/ad16382b6f1d21d9546601bc72ccd3c751a72296e7dfc5fb2f9d8c2ce2044283 [none]
[debug] [2024-12-02T10:04:52.474Z] >>> [apiv2][body] POST https://upload-firebasehosting.googleapis.com/upload/sites/thekform/versions/5784c47e9a56bcec/files/ad16382b6f1d21d9546601bc72ccd3c751a72296e7dfc5fb2f9d8c2ce2044283 [stream]
[debug] [2024-12-02T10:04:52.474Z] >>> [apiv2][query] POST https://upload-firebasehosting.googleapis.com/upload/sites/thekform/versions/5784c47e9a56bcec/files/925894d1949d2b7bbc0d33363d898551b916fd9aa4ba1455c0edf48235077144 [none]
[debug] [2024-12-02T10:04:52.474Z] >>> [apiv2][body] POST https://upload-firebasehosting.googleapis.com/upload/sites/thekform/versions/5784c47e9a56bcec/files/925894d1949d2b7bbc0d33363d898551b916fd9aa4ba1455c0edf48235077144 [stream]
[debug] [2024-12-02T10:04:52.475Z] [hosting][populate queue][FINAL] {"max":498,"min":498,"avg":498,"active":0,"complete":1,"success":1,"errored":0,"retried":0,"total":1,"elapsed":502}
[debug] [2024-12-02T10:04:52.475Z] [hosting] uploads queued: 6
[debug] [2024-12-02T10:04:53.727Z] <<< [apiv2][status] POST https://upload-firebasehosting.googleapis.com/upload/sites/thekform/versions/5784c47e9a56bcec/files/ad16382b6f1d21d9546601bc72ccd3c751a72296e7dfc5fb2f9d8c2ce2044283 200
[debug] [2024-12-02T10:04:53.728Z] <<< [apiv2][body] POST https://upload-firebasehosting.googleapis.com/upload/sites/thekform/versions/5784c47e9a56bcec/files/ad16382b6f1d21d9546601bc72ccd3c751a72296e7dfc5fb2f9d8c2ce2044283 [stream]
[debug] [2024-12-02T10:04:53.775Z] <<< [apiv2][status] POST https://upload-firebasehosting.googleapis.com/upload/sites/thekform/versions/5784c47e9a56bcec/files/6c46e8f9f8d49a97f7cf53568a189d543cd2ad544f29326370bb680fb4dcf112 200
[debug] [2024-12-02T10:04:53.775Z] <<< [apiv2][body] POST https://upload-firebasehosting.googleapis.com/upload/sites/thekform/versions/5784c47e9a56bcec/files/6c46e8f9f8d49a97f7cf53568a189d543cd2ad544f29326370bb680fb4dcf112 [stream]
[debug] [2024-12-02T10:04:53.856Z] <<< [apiv2][status] POST https://upload-firebasehosting.googleapis.com/upload/sites/thekform/versions/5784c47e9a56bcec/files/925894d1949d2b7bbc0d33363d898551b916fd9aa4ba1455c0edf48235077144 200
[debug] [2024-12-02T10:04:53.856Z] <<< [apiv2][body] POST https://upload-firebasehosting.googleapis.com/upload/sites/thekform/versions/5784c47e9a56bcec/files/925894d1949d2b7bbc0d33363d898551b916fd9aa4ba1455c0edf48235077144 [stream]
[debug] [2024-12-02T10:04:53.950Z] <<< [apiv2][status] POST https://upload-firebasehosting.googleapis.com/upload/sites/thekform/versions/5784c47e9a56bcec/files/080ccd9ea95eb31891b94b8fe871a77f96eea61315fa74bd24ab789645ddcd8b 200
[debug] [2024-12-02T10:04:53.950Z] <<< [apiv2][body] POST https://upload-firebasehosting.googleapis.com/upload/sites/thekform/versions/5784c47e9a56bcec/files/080ccd9ea95eb31891b94b8fe871a77f96eea61315fa74bd24ab789645ddcd8b [stream]
[debug] [2024-12-02T10:04:54.005Z] <<< [apiv2][status] POST https://upload-firebasehosting.googleapis.com/upload/sites/thekform/versions/5784c47e9a56bcec/files/e57ab743ccee9201854ff118031de89bc26722f5e0a550a06268e058eea6e369 200
[debug] [2024-12-02T10:04:54.005Z] <<< [apiv2][body] POST https://upload-firebasehosting.googleapis.com/upload/sites/thekform/versions/5784c47e9a56bcec/files/e57ab743ccee9201854ff118031de89bc26722f5e0a550a06268e058eea6e369 [stream]
[debug] [2024-12-02T10:04:54.015Z] <<< [apiv2][status] POST https://upload-firebasehosting.googleapis.com/upload/sites/thekform/versions/5784c47e9a56bcec/files/735c5c6b42c778cad49b5c80843b0501679bd7ea5dcaf1b7220bd931d277e482 200
[debug] [2024-12-02T10:04:54.015Z] <<< [apiv2][body] POST https://upload-firebasehosting.googleapis.com/upload/sites/thekform/versions/5784c47e9a56bcec/files/735c5c6b42c778cad49b5c80843b0501679bd7ea5dcaf1b7220bd931d277e482 [stream]
[debug] [2024-12-02T10:04:54.015Z] [hosting][upload queue][FINAL] {"max":1545,"min":1258,"avg":1418,"active":0,"complete":6,"success":6,"errored":0,"retried":0,"total":6,"elapsed":1545}
[info] +  hosting[thekform]: file upload complete 
[debug] [2024-12-02T10:04:54.016Z] [hosting] deploy completed after 2194ms
[info] i  database: releasing rules... 
[debug] [2024-12-02T10:04:54.017Z] Checked if tokens are valid: true, expires at: 1733137485966
[debug] [2024-12-02T10:04:54.017Z] Checked if tokens are valid: true, expires at: 1733137485966
[debug] [2024-12-02T10:04:54.017Z] >>> [apiv2][query] GET https://firebasedatabase.googleapis.com/v1beta/projects/thekform/locations/-/instances/thekform-default-rtdb [none]
[debug] [2024-12-02T10:04:54.305Z] <<< [apiv2][status] GET https://firebasedatabase.googleapis.com/v1beta/projects/thekform/locations/-/instances/thekform-default-rtdb 200
[debug] [2024-12-02T10:04:54.306Z] <<< [apiv2][body] GET https://firebasedatabase.googleapis.com/v1beta/projects/thekform/locations/-/instances/thekform-default-rtdb {"name":"projects/108532797742/locations/asia-southeast1/instances/thekform-default-rtdb","project":"projects/108532797742","databaseUrl":"https://thekform-default-rtdb.asia-southeast1.firebasedatabase.app","type":"DEFAULT_DATABASE","state":"ACTIVE"}
[debug] [2024-12-02T10:04:54.306Z] Checked if tokens are valid: true, expires at: 1733137485966
[debug] [2024-12-02T10:04:54.306Z] Checked if tokens are valid: true, expires at: 1733137485966
[debug] [2024-12-02T10:04:54.306Z] >>> [apiv2][query] PUT https://thekform-default-rtdb.asia-southeast1.firebasedatabase.app/.settings/rules.json 
[debug] [2024-12-02T10:04:54.306Z] >>> [apiv2][body] PUT https://thekform-default-rtdb.asia-southeast1.firebasedatabase.app/.settings/rules.json "{\r\n  /* Visit https://firebase.google.com/docs/database/security to learn more about security rules. */\r\n  \"rules\": {\r\n    \".read\": false,\r\n    \".write\": false\r\n  }\r\n}"
[debug] [2024-12-02T10:04:54.765Z] <<< [apiv2][status] PUT https://thekform-default-rtdb.asia-southeast1.firebasedatabase.app/.settings/rules.json 200
[debug] [2024-12-02T10:04:54.765Z] <<< [apiv2][body] PUT https://thekform-default-rtdb.asia-southeast1.firebasedatabase.app/.settings/rules.json {"status":"ok"}
[info] +  database: rules for database thekform-default-rtdb released successfully 
[debug] [2024-12-02T10:04:54.768Z] [
  {
    "config": {
      "public": "build",
      "ignore": [
        "firebase.json",
        "**/.*",
        "**/node_modules/**"
      ],
      "rewrites": [
        {
          "source": "**",
          "destination": "/index.html"
        }
      ],
      "site": "thekform"
    },
    "version": "projects/108532797742/sites/thekform/versions/5784c47e9a56bcec"
  }
]
[info] i  hosting[thekform]: finalizing version... 
[debug] [2024-12-02T10:04:54.771Z] Checked if tokens are valid: true, expires at: 1733137485966
[debug] [2024-12-02T10:04:54.771Z] Checked if tokens are valid: true, expires at: 1733137485966
[debug] [2024-12-02T10:04:54.772Z] >>> [apiv2][query] PATCH https://firebasehosting.googleapis.com/v1beta1/projects/-/sites/thekform/versions/5784c47e9a56bcec updateMask=status%2Cconfig
[debug] [2024-12-02T10:04:54.772Z] >>> [apiv2][body] PATCH https://firebasehosting.googleapis.com/v1beta1/projects/-/sites/thekform/versions/5784c47e9a56bcec {"status":"FINALIZED","config":{"rewrites":[{"glob":"**","path":"/index.html"}]}}
